Determining if the pthread_create exist failed with the following output:
Change Dir: /home/zlk/Documents/ros/vehicle_detection/src/vehicle_detection/vehicle_detection/build/CMakeFiles/CMakeTmp

Run Build Command:"/usr/bin/make" "cmTC_449c6/fast"
/usr/bin/make -f CMakeFiles/cmTC_449c6.dir/build.make CMakeFiles/cmTC_449c6.dir/build
make[1]: Entering directory '/home/zlk/Documents/ros/vehicle_detection/src/vehicle_detection/vehicle_detection/build/CMakeFiles/CMakeTmp'
Building C object CMakeFiles/cmTC_449c6.dir/CheckSymbolExists.c.o
/usr/bin/cc    -o CMakeFiles/cmTC_449c6.dir/CheckSymbolExists.c.o   -c /home/zlk/Documents/ros/vehicle_detection/src/vehicle_detection/vehicle_detection/build/CMakeFiles/CMakeTmp/CheckSymbolExists.c
Linking C executable cmTC_449c6
/usr/bin/cmake -E cmake_link_script CMakeFiles/cmTC_449c6.dir/link.txt --verbose=1
/usr/bin/cc      -rdynamic CMakeFiles/cmTC_449c6.dir/CheckSymbolExists.c.o  -o cmTC_449c6 
CMakeFiles/cmTC_449c6.dir/CheckSymbolExists.c.o: In function `main':
CheckSymbolExists.c:(.text+0x1b): undefined reference to `pthread_create'
collect2: error: ld returned 1 exit status
CMakeFiles/cmTC_449c6.dir/build.make:97: recipe for target 'cmTC_449c6' failed
make[1]: *** [cmTC_449c6] Error 1
make[1]: Leaving directory '/home/zlk/Documents/ros/vehicle_detection/src/vehicle_detection/vehicle_detection/build/CMakeFiles/CMakeTmp'
Makefile:126: recipe for target 'cmTC_449c6/fast' failed
make: *** [cmTC_449c6/fast] Error 2

File /home/zlk/Documents/ros/vehicle_detection/src/vehicle_detection/vehicle_detection/build/CMakeFiles/CMakeTmp/CheckSymbolExists.c:
/* */
#include <pthread.h>

int main(int argc, char** argv)
{
  (void)argv;
#ifndef pthread_create
  return ((int*)(&pthread_create))[argc];
#else
  (void)argc;
  return 0;
#endif
}

Determining if the function pthread_create exists in the pthreads failed with the following output:
Change Dir: /home/zlk/Documents/ros/vehicle_detection/src/vehicle_detection/vehicle_detection/build/CMakeFiles/CMakeTmp

Run Build Command:"/usr/bin/make" "cmTC_2710e/fast"
/usr/bin/make -f CMakeFiles/cmTC_2710e.dir/build.make CMakeFiles/cmTC_2710e.dir/build
make[1]: Entering directory '/home/zlk/Documents/ros/vehicle_detection/src/vehicle_detection/vehicle_detection/build/CMakeFiles/CMakeTmp'
Building C object CMakeFiles/cmTC_2710e.dir/CheckFunctionExists.c.o
/usr/bin/cc   -DCHECK_FUNCTION_EXISTS=pthread_create   -o CMakeFiles/cmTC_2710e.dir/CheckFunctionExists.c.o   -c /usr/share/cmake-3.10/Modules/CheckFunctionExists.c
Linking C executable cmTC_2710e
/usr/bin/cmake -E cmake_link_script CMakeFiles/cmTC_2710e.dir/link.txt --verbose=1
/usr/bin/cc  -DCHECK_FUNCTION_EXISTS=pthread_create    -rdynamic CMakeFiles/cmTC_2710e.dir/CheckFunctionExists.c.o  -o cmTC_2710e -lpthreads 
/usr/bin/ld: cannot find -lpthreads
collect2: error: ld returned 1 exit status
CMakeFiles/cmTC_2710e.dir/build.make:97: recipe for target 'cmTC_2710e' failed
make[1]: *** [cmTC_2710e] Error 1
make[1]: Leaving directory '/home/zlk/Documents/ros/vehicle_detection/src/vehicle_detection/vehicle_detection/build/CMakeFiles/CMakeTmp'
Makefile:126: recipe for target 'cmTC_2710e/fast' failed
make: *** [cmTC_2710e/fast] Error 2


